<?xml version="1.0" encoding="UTF-8"?>
<testng-results ignored="0" total="2" passed="2" failed="0" skipped="0">
  <reporter-output>
  </reporter-output>
  <suite started-at="2022-09-05T12:00:20 IST" name="All Test Suite" finished-at="2022-09-05T12:01:30 IST" duration-ms="70161">
    <groups>
    </groups>
    <test started-at="2022-09-05T12:00:20 IST" name="D:/TESTING/Sample/SampleProject" finished-at="2022-09-05T12:01:30 IST" duration-ms="70161">
      <class name="Test.Search">
        <test-method is-config="true" signature="SetupTest()[pri:0, instance:Test.Search@7ceb3185]" started-at="2022-09-05T12:00:20 IST" name="SetupTest" finished-at="2022-09-05T12:00:26 IST" duration-ms="6879" status="PASS">
          <reporter-output>
          </reporter-output>
        </test-method> <!-- SetupTest -->
        <test-method signature="LoginIsWorking()[pri:0, instance:Test.Search@7ceb3185]" started-at="2022-09-05T12:00:27 IST" name="LoginIsWorking" finished-at="2022-09-05T12:00:55 IST" duration-ms="28506" status="PASS">
          <reporter-output>
          </reporter-output>
        </test-method> <!-- LoginIsWorking -->
        <test-method is-config="true" signature="ClearTest()[pri:0, instance:Test.Search@7ceb3185]" started-at="2022-09-05T12:00:55 IST" name="ClearTest" finished-at="2022-09-05T12:00:56 IST" duration-ms="637" status="PASS">
          <reporter-output>
          </reporter-output>
        </test-method> <!-- ClearTest -->
        <test-method is-config="true" signature="SetupTest()[pri:0, instance:Test.Search@7ceb3185]" started-at="2022-09-05T12:00:56 IST" name="SetupTest" finished-at="2022-09-05T12:00:59 IST" duration-ms="3162" status="PASS">
          <reporter-output>
          </reporter-output>
        </test-method> <!-- SetupTest -->
        <test-method signature="LoggedInOrNot()[pri:0, instance:Test.Search@7ceb3185]" started-at="2022-09-05T12:00:59 IST" name="LoggedInOrNot" finished-at="2022-09-05T12:01:29 IST" duration-ms="30209" status="PASS">
          <reporter-output>
          </reporter-output>
        </test-method> <!-- LoggedInOrNot -->
        <test-method is-config="true" signature="ClearTest()[pri:0, instance:Test.Search@7ceb3185]" started-at="2022-09-05T12:01:29 IST" name="ClearTest" finished-at="2022-09-05T12:01:30 IST" duration-ms="657" status="PASS">
          <reporter-output>
          </reporter-output>
        </test-method> <!-- ClearTest -->
      </class> <!-- Test.Search -->
    </test> <!-- D:/TESTING/Sample/SampleProject -->
  </suite> <!-- All Test Suite -->
</testng-results>
